TN:
SF:src\App.tsx
FN:16,(anonymous_0)
FN:24,(anonymous_1)
FN:25,(anonymous_2)
FN:30,(anonymous_3)
FNF:4
FNH:3
FNDA:2,(anonymous_0)
FNDA:2,(anonymous_1)
FNDA:0,(anonymous_2)
FNDA:2,(anonymous_3)
DA:1,1
DA:2,1
DA:3,1
DA:4,1
DA:17,2
DA:18,2
DA:25,2
DA:26,0
DA:31,2
DA:42,1
LF:10
LH:9
BRF:0
BRH:0
end_of_record
TN:
SF:src\CircularLoader.tsx
FN:5,CircularIndeterminate
FNF:1
FNH:1
FNDA:3,CircularIndeterminate
DA:2,2
DA:3,2
DA:5,2
DA:6,3
LF:4
LH:4
BRF:0
BRH:0
end_of_record
TN:
SF:src\Form.tsx
FN:20,(anonymous_0)
FN:29,(anonymous_1)
FN:88,(anonymous_2)
FN:93,(anonymous_3)
FN:97,(anonymous_4)
FN:101,(anonymous_5)
FNF:6
FNH:6
FNDA:5,(anonymous_0)
FNDA:3,(anonymous_1)
FNDA:2,(anonymous_2)
FNDA:1,(anonymous_3)
FNDA:3,(anonymous_4)
FNDA:14,(anonymous_5)
DA:1,2
DA:2,2
DA:3,2
DA:4,2
DA:17,5
DA:21,5
DA:22,5
DA:29,5
DA:30,3
DA:33,3
DA:35,3
DA:36,2
DA:37,2
DA:38,2
DA:41,2
DA:42,1
DA:45,0
DA:46,0
DA:47,0
DA:49,2
DA:50,2
DA:52,2
DA:55,1
DA:56,1
DA:57,1
DA:60,1
DA:61,0
DA:64,0
DA:65,0
DA:71,0
DA:72,0
DA:79,1
DA:80,1
DA:82,1
DA:88,5
DA:89,2
DA:90,2
DA:93,5
DA:94,1
DA:97,5
DA:98,3
DA:102,14
DA:104,14
DA:180,2
LF:44
LH:36
BRDA:33,0,0,3
BRDA:35,1,0,2
BRDA:35,1,1,1
BRDA:41,2,0,1
BRDA:60,3,0,0
BRDA:115,4,0,14
BRDA:115,4,1,14
BRDA:136,5,0,3
BRDA:136,5,1,11
BRDA:144,6,0,3
BRDA:144,6,1,8
BRDA:147,7,0,3
BRDA:147,7,1,8
BRF:13
BRH:12
end_of_record
TN:
SF:src\Table.tsx
FN:53,(anonymous_0)
FN:103,(anonymous_1)
FN:104,(anonymous_2)
FN:106,(anonymous_3)
FN:107,(anonymous_4)
FN:110,(anonymous_5)
FN:151,(anonymous_6)
FNF:7
FNH:0
FNDA:0,(anonymous_0)
FNDA:0,(anonymous_1)
FNDA:0,(anonymous_2)
FNDA:0,(anonymous_3)
FNDA:0,(anonymous_4)
FNDA:0,(anonymous_5)
FNDA:0,(anonymous_6)
DA:1,1
DA:3,1
DA:4,1
DA:5,1
DA:6,1
DA:7,1
DA:8,1
DA:9,1
DA:10,1
DA:11,1
DA:12,1
DA:53,1
DA:54,0
DA:55,0
DA:56,0
DA:57,0
DA:58,0
DA:59,0
DA:60,0
DA:62,0
DA:103,0
DA:104,0
DA:106,0
DA:107,0
DA:110,0
DA:111,0
DA:114,0
DA:152,0
DA:185,1
LF:29
LH:13
BRDA:72,0,0,0
BRDA:72,0,1,0
BRDA:80,1,0,0
BRDA:80,1,1,0
BRDA:82,2,0,0
BRDA:82,2,1,0
BRDA:91,3,0,0
BRDA:91,3,1,0
BRDA:93,4,0,0
BRDA:93,4,1,0
BRDA:104,5,0,0
BRDA:104,5,1,0
BRDA:107,6,0,0
BRDA:107,6,1,0
BRF:14
BRH:0
end_of_record
TN:
SF:src\withRouter.tsx
FN:3,(anonymous_0)
FN:4,(anonymous_1)
FNF:2
FNH:2
FNDA:2,(anonymous_0)
FNDA:5,(anonymous_1)
DA:1,2
DA:3,2
DA:4,2
DA:5,5
DA:6,5
DA:7,5
DA:8,5
DA:15,2
DA:18,2
LF:9
LH:9
BRF:0
BRH:0
end_of_record
